<?xml version="1.0" encoding="UTF-8"?>
<!-- Generated by org.testng.reporters.JUnitReportReporter -->
<testsuite hostname="LAPTOP-QKPK2TJ9" failures="0" tests="4" name="groupmart.Tests.SubmitOrderTest" time="32.955" errors="0" timestamp="2024-06-30T16:51:59 CEST" skipped="0">
  <testcase classname="groupmart.Tests.SubmitOrderTest" name="submitOrder" time="10.113"/>
  <testcase classname="groupmart.Tests.SubmitOrderTest" name="productInOrderHistoryTest" time="5.969"/>
  <testcase classname="groupmart.Tests.SubmitOrderTest" name="productInOrderHistoryTest" time="5.879"/>
  <testcase classname="groupmart.Tests.SubmitOrderTest" name="submitOrder" time="10.994"/>
</testsuite> <!-- groupmart.Tests.SubmitOrderTest -->
