<?xml version="1.0" encoding="UTF-8"?>
<!-- Generated by org.testng.reporters.JUnitReportReporter -->
<testsuite hostname="LAPTOP-QKPK2TJ9" failures="0" tests="6" name="groupmart.Tests.LoginRegressionTest" time="49.243" errors="0" timestamp="2024-08-11T10:11:41 CEST" skipped="0">
  <testcase classname="groupmart.Tests.LoginRegressionTest" name="emptyEmailandPasswordField" time="7.301"/>
  <testcase classname="groupmart.Tests.LoginRegressionTest" name="ValidLoginCredentials" time="8.644"/>
  <testcase classname="groupmart.Tests.LoginRegressionTest" name="incompleteEmail" time="7.447"/>
  <testcase classname="groupmart.Tests.LoginRegressionTest" name="incorrectEmail" time="7.342"/>
  <testcase classname="groupmart.Tests.LoginRegressionTest" name="incorrectPassword" time="8.300"/>
  <testcase classname="groupmart.Tests.LoginRegressionTest" name="incorrectLoginErrorValidation" time="10.209"/>
</testsuite> <!-- groupmart.Tests.LoginRegressionTest -->
