<?xml version="1.0" encoding="UTF-8"?>
<!-- Generated by org.testng.reporters.JUnitReportReporter -->
<testsuite hostname="LAPTOP-QKPK2TJ9" failures="0" tests="4" name="cucumber.TestNGTestRunner" time="27.982" errors="0" timestamp="2024-08-11T04:59:41 CEST" skipped="0">
  <testcase classname="cucumber.TestNGTestRunner" name="runScenario" time="5.885"/>
  <testcase classname="cucumber.TestNGTestRunner" name="runScenario" time="8.606"/>
  <testcase classname="cucumber.TestNGTestRunner" name="runScenario" time="4.899"/>
  <testcase classname="cucumber.TestNGTestRunner" name="runScenario" time="8.592"/>
</testsuite> <!-- cucumber.TestNGTestRunner -->
