<?xml version="1.0" encoding="UTF-8"?>
<!-- Generated by org.testng.reporters.JUnitReportReporter -->
<testsuite hostname="LAPTOP-QKPK2TJ9" failures="0" tests="2" name="groupmart.Tests.ErrorValidationIncorrectLogin" time="14.086" errors="0" timestamp="2024-06-19T02:41:11 CEST" skipped="0">
  <testcase classname="groupmart.Tests.ErrorValidationIncorrectLogin" name="incorrectLoginErrorValidation" time="8.480"/>
  <testcase classname="groupmart.Tests.ErrorValidationIncorrectLogin" name="incorrectEmail" time="5.606"/>
</testsuite> <!-- groupmart.Tests.ErrorValidationIncorrectLogin -->
