<?xml version="1.0" encoding="UTF-8"?>
<!-- Generated by org.testng.reporters.JUnitReportReporter -->
<testsuite hostname="LAPTOP-QKPK2TJ9" failures="0" tests="2" name="groupmart.Tests.LoginErrorValidationTest" time="13.676" errors="0" timestamp="2024-06-30T16:49:10 CEST" skipped="0">
  <testcase classname="groupmart.Tests.LoginErrorValidationTest" name="incorrectLoginErrorValidation" time="5.375"/>
  <testcase classname="groupmart.Tests.LoginErrorValidationTest" name="incorrectEmail" time="8.301"/>
</testsuite> <!-- groupmart.Tests.LoginErrorValidationTest -->
