<?xml version="1.0" encoding="UTF-8"?>
<!-- Generated by org.testng.reporters.JUnitReportReporter -->
<testsuite hostname="LAPTOP-QKPK2TJ9" failures="0" tests="2" name="groupmart.Tests.LoginRegressionTest" time="11.023" errors="0" timestamp="2024-08-11T07:50:32 CEST" skipped="0">
  <testcase classname="groupmart.Tests.LoginRegressionTest" name="incorrectEmail" time="6.329"/>
  <testcase classname="groupmart.Tests.LoginRegressionTest" name="incorrectLoginErrorValidation" time="4.694"/>
</testsuite> <!-- groupmart.Tests.LoginRegressionTest -->
