<?xml version="1.0" encoding="UTF-8"?>
<!-- Generated by org.testng.reporters.JUnitReportReporter -->
<testsuite hostname="LAPTOP-QKPK2TJ9" failures="0" tests="4" name="groupmart.Tests.SubmitOrderTest" time="32.849" errors="0" timestamp="2024-07-07T05:17:21 CEST" skipped="0">
  <testcase classname="groupmart.Tests.SubmitOrderTest" name="submitOrder" time="10.302"/>
  <testcase classname="groupmart.Tests.SubmitOrderTest" name="submitOrder" time="10.570"/>
  <testcase classname="groupmart.Tests.SubmitOrderTest" name="productInOrderHistoryTest" time="5.980"/>
  <testcase classname="groupmart.Tests.SubmitOrderTest" name="productInOrderHistoryTest" time="5.997"/>
</testsuite> <!-- groupmart.Tests.SubmitOrderTest -->
