<?xml version="1.0" encoding="UTF-8"?>
<!-- Generated by org.testng.reporters.JUnitReportReporter -->
<testsuite hostname="LAPTOP-QKPK2TJ9" failures="0" tests="2" name="groupmart.Tests.LoginErrorValidationTest" time="8.726" errors="0" timestamp="2024-08-11T04:52:02 CEST" skipped="0">
  <testcase classname="groupmart.Tests.LoginErrorValidationTest" name="incorrectLoginErrorValidation" time="4.205"/>
  <testcase classname="groupmart.Tests.LoginErrorValidationTest" name="incorrectEmail" time="4.521"/>
</testsuite> <!-- groupmart.Tests.LoginErrorValidationTest -->
