<?xml version="1.0" encoding="UTF-8"?>
<!-- Generated by org.testng.reporters.JUnitReportReporter -->
<testsuite hostname="LAPTOP-QKPK2TJ9" failures="0" tests="6" name="groupmart.Tests.LoginRegressionTest" time="48.056" errors="0" timestamp="2024-08-17T14:58:45 CEST" skipped="0">
  <testcase classname="groupmart.Tests.LoginRegressionTest" name="incorrectLoginErrorValidation" time="7.041"/>
  <testcase classname="groupmart.Tests.LoginRegressionTest" name="incompleteEmail" time="7.237"/>
  <testcase classname="groupmart.Tests.LoginRegressionTest" name="emptyEmailandPasswordField" time="7.430"/>
  <testcase classname="groupmart.Tests.LoginRegressionTest" name="incorrectEmail" time="11.025"/>
  <testcase classname="groupmart.Tests.LoginRegressionTest" name="ValidLoginCredentials" time="8.323"/>
  <testcase classname="groupmart.Tests.LoginRegressionTest" name="incorrectPassword" time="7.000"/>
</testsuite> <!-- groupmart.Tests.LoginRegressionTest -->
