<?xml version="1.0" encoding="UTF-8"?>
<!-- Generated by org.testng.reporters.JUnitReportReporter -->
<testsuite hostname="LAPTOP-QKPK2TJ9" failures="0" tests="4" name="groupmart.Tests.SubmitOrderTest" time="31.989" errors="0" timestamp="2024-08-11T19:24:06 CEST" skipped="0">
  <testcase classname="groupmart.Tests.SubmitOrderTest" name="productInOrderHistoryTest" time="6.246"/>
  <testcase classname="groupmart.Tests.SubmitOrderTest" name="productInOrderHistoryTest" time="5.809"/>
  <testcase classname="groupmart.Tests.SubmitOrderTest" name="submitOrder" time="9.814"/>
  <testcase classname="groupmart.Tests.SubmitOrderTest" name="submitOrder" time="10.120"/>
</testsuite> <!-- groupmart.Tests.SubmitOrderTest -->
