<?xml version="1.0" encoding="UTF-8"?>
<!-- Generated by org.testng.reporters.JUnitReportReporter -->
<testsuite hostname="LAPTOP-QKPK2TJ9" failures="0" tests="2" name="groupmart.Tests.LoginErrorValidationTest" time="11.325" errors="0" timestamp="2024-07-07T05:17:21 CEST" skipped="0">
  <testcase classname="groupmart.Tests.LoginErrorValidationTest" name="incorrectLoginErrorValidation" time="5.810"/>
  <testcase classname="groupmart.Tests.LoginErrorValidationTest" name="incorrectEmail" time="5.515"/>
</testsuite> <!-- groupmart.Tests.LoginErrorValidationTest -->
