<?xml version="1.0" encoding="UTF-8"?>
<!-- Generated by org.testng.reporters.JUnitReportReporter -->
<testsuite hostname="LAPTOP-QKPK2TJ9" failures="0" tests="4" name="groupmart.Tests.SubmitOrderTest" time="27.808" errors="0" timestamp="2024-08-11T08:20:51 CEST" skipped="0">
  <testcase classname="groupmart.Tests.SubmitOrderTest" name="productInOrderHistoryTest" time="4.832"/>
  <testcase classname="groupmart.Tests.SubmitOrderTest" name="submitOrder" time="9.431"/>
  <testcase classname="groupmart.Tests.SubmitOrderTest" name="submitOrder" time="8.440"/>
  <testcase classname="groupmart.Tests.SubmitOrderTest" name="productInOrderHistoryTest" time="5.105"/>
</testsuite> <!-- groupmart.Tests.SubmitOrderTest -->
