<?xml version="1.0" encoding="UTF-8"?>
<!-- Generated by org.testng.reporters.JUnitReportReporter -->
<testsuite hostname="LAPTOP-QKPK2TJ9" failures="0" tests="4" name="cucumber.TestNGTestRunner" time="26.007" errors="0" timestamp="2024-08-11T04:52:02 CEST" skipped="0">
  <testcase classname="cucumber.TestNGTestRunner" name="runScenario" time="8.110"/>
  <testcase classname="cucumber.TestNGTestRunner" name="runScenario" time="8.033"/>
  <testcase classname="cucumber.TestNGTestRunner" name="runScenario" time="4.279"/>
  <testcase classname="cucumber.TestNGTestRunner" name="runScenario" time="5.585"/>
</testsuite> <!-- cucumber.TestNGTestRunner -->
