<?xml version="1.0" encoding="UTF-8"?>
<!-- Generated by org.testng.reporters.JUnitReportReporter -->
<testsuite hostname="LAPTOP-QKPK2TJ9" failures="0" tests="4" name="cucumber.TestNGTestRunner" time="35.030" errors="0" timestamp="2024-08-11T19:25:57 CEST" skipped="0">
  <testcase classname="cucumber.TestNGTestRunner" name="runScenario" time="8.449"/>
  <testcase classname="cucumber.TestNGTestRunner" name="runScenario" time="10.186"/>
  <testcase classname="cucumber.TestNGTestRunner" name="runScenario" time="10.497"/>
  <testcase classname="cucumber.TestNGTestRunner" name="runScenario" time="5.898"/>
</testsuite> <!-- cucumber.TestNGTestRunner -->
