<?xml version="1.0" encoding="UTF-8"?>
<!-- Generated by org.testng.reporters.JUnitReportReporter -->
<testsuite hostname="LAPTOP-QKPK2TJ9" failures="0" tests="6" name="groupmart.Tests.LoginRegressionTest" time="32.028" errors="0" timestamp="2024-08-11T19:24:06 CEST" skipped="0">
  <testcase classname="groupmart.Tests.LoginRegressionTest" name="emptyEmailandPasswordField" time="2.699"/>
  <testcase classname="groupmart.Tests.LoginRegressionTest" name="incorrectEmail" time="4.754"/>
  <testcase classname="groupmart.Tests.LoginRegressionTest" name="incorrectLoginErrorValidation" time="5.136"/>
  <testcase classname="groupmart.Tests.LoginRegressionTest" name="incompleteEmail" time="7.428"/>
  <testcase classname="groupmart.Tests.LoginRegressionTest" name="ValidLoginCredentials" time="6.638"/>
  <testcase classname="groupmart.Tests.LoginRegressionTest" name="incorrectPassword" time="5.373"/>
</testsuite> <!-- groupmart.Tests.LoginRegressionTest -->
